time="2023-02-03T11:40:35Z" level=info msg="Traefik version 2.9.6 built on 2022-12-07T14:17:58Z"
time="2023-02-03T11:40:35Z" level=info msg="\nStats collection is disabled.\nHelp us improve Traefik by turning this feature on :)\nMore details on: https://doc.traefik.io/traefik/contributing/data-collection/\n"
time="2023-02-03T11:40:35Z" level=error msg="The ACME resolver \"tgxn_net\" is skipped from the resolvers list because: unable to get ACME account: permissions 664 for /data/acme.json are too open, please use 600"
time="2023-02-03T11:40:35Z" level=info msg="Starting provider aggregator aggregator.ProviderAggregator"
time="2023-02-03T11:40:35Z" level=info msg="Starting provider *file.Provider"
time="2023-02-03T11:40:35Z" level=info msg="Starting provider *traefik.Provider"
time="2023-02-03T11:40:35Z" level=info msg="Starting provider *acme.ChallengeTLSALPN"
time="2023-02-03T11:40:35Z" level=info msg="Starting provider *acme.Provider"
time="2023-02-03T11:40:35Z" level=info msg="Testing certificate renew..." providerName=tgxn_local.acme ACME CA="https://stepca:9000/acme/tgxn.local/directory"
time="2023-02-03T11:40:35Z" level=info msg="Starting provider *docker.Provider"
time="2023-02-03T11:40:51Z" level=info msg="I have to go..."
time="2023-02-03T11:40:51Z" level=info msg="Stopping server gracefully"
time="2023-02-03T11:40:51Z" level=error msg="accept tcp [::]:443: use of closed network connection" entryPointName=https
time="2023-02-03T11:40:51Z" level=error msg="Error while starting server: accept tcp [::]:443: use of closed network connection" entryPointName=https
time="2023-02-03T11:40:51Z" level=error msg="accept tcp [::]:80: use of closed network connection" entryPointName=http
time="2023-02-03T11:40:51Z" level=error msg="Error while starting server: accept tcp [::]:80: use of closed network connection" entryPointName=http
time="2023-02-03T11:40:51Z" level=error msg="accept tcp [::]:8080: use of closed network connection" entryPointName=traefik
time="2023-02-03T11:40:51Z" level=error msg="close tcp [::]:8080: use of closed network connection" entryPointName=traefik
time="2023-02-03T11:40:51Z" level=info msg="Server stopped"
time="2023-02-03T11:40:51Z" level=info msg="Shutting down"
time="2023-02-03T11:40:58Z" level=info msg="Traefik version 2.9.6 built on 2022-12-07T14:17:58Z"
time="2023-02-03T11:40:58Z" level=info msg="\nStats collection is disabled.\nHelp us improve Traefik by turning this feature on :)\nMore details on: https://doc.traefik.io/traefik/contributing/data-collection/\n"
time="2023-02-03T11:40:58Z" level=error msg="The ACME resolver \"tgxn_net\" is skipped from the resolvers list because: unable to get ACME account: permissions 664 for /data/acme.json are too open, please use 600"
time="2023-02-03T11:40:58Z" level=info msg="Starting provider aggregator aggregator.ProviderAggregator"
time="2023-02-03T11:40:58Z" level=info msg="Starting provider *file.Provider"
time="2023-02-03T11:40:58Z" level=info msg="Starting provider *traefik.Provider"
time="2023-02-03T11:40:58Z" level=info msg="Starting provider *acme.ChallengeTLSALPN"
time="2023-02-03T11:40:58Z" level=info msg="Starting provider *docker.Provider"
time="2023-02-03T11:40:58Z" level=info msg="Starting provider *acme.Provider"
time="2023-02-03T11:40:58Z" level=info msg="Testing certificate renew..." ACME CA="https://stepca:9000/acme/tgxn.local/directory" providerName=tgxn_local.acme
time="2023-02-03T11:43:19Z" level=info msg="I have to go..."
time="2023-02-03T11:43:19Z" level=info msg="Stopping server gracefully"
time="2023-02-03T11:43:19Z" level=error msg="accept tcp [::]:8080: use of closed network connection" entryPointName=traefik
time="2023-02-03T11:43:19Z" level=error msg="accept tcp [::]:80: use of closed network connection" entryPointName=http
time="2023-02-03T11:43:19Z" level=error msg="close tcp [::]:80: use of closed network connection" entryPointName=http
time="2023-02-03T11:43:19Z" level=error msg="close tcp [::]:8080: use of closed network connection" entryPointName=traefik
time="2023-02-03T11:43:19Z" level=error msg="accept tcp [::]:443: use of closed network connection" entryPointName=https
time="2023-02-03T11:43:19Z" level=error msg="close tcp [::]:443: use of closed network connection" entryPointName=https
time="2023-02-03T11:43:19Z" level=info msg="Server stopped"
time="2023-02-03T11:43:19Z" level=info msg="Shutting down"
time="2023-02-03T11:43:22Z" level=info msg="Traefik version 2.9.6 built on 2022-12-07T14:17:58Z"
time="2023-02-03T11:43:22Z" level=info msg="\nStats collection is disabled.\nHelp us improve Traefik by turning this feature on :)\nMore details on: https://doc.traefik.io/traefik/contributing/data-collection/\n"
time="2023-02-03T11:43:22Z" level=error msg="The ACME resolver \"tgxn_net\" is skipped from the resolvers list because: unable to get ACME account: permissions 664 for /data/acme.json are too open, please use 600"
time="2023-02-03T11:43:22Z" level=info msg="Starting provider aggregator aggregator.ProviderAggregator"
time="2023-02-03T11:43:22Z" level=info msg="Starting provider *file.Provider"
time="2023-02-03T11:43:22Z" level=info msg="Starting provider *traefik.Provider"
time="2023-02-03T11:43:22Z" level=info msg="Starting provider *docker.Provider"
time="2023-02-03T11:43:22Z" level=info msg="Starting provider *acme.ChallengeTLSALPN"
time="2023-02-03T11:43:22Z" level=error msg="HTTP challenge is not enabled" entryPointName=http routerName=acme-http@internal
time="2023-02-03T11:43:22Z" level=error msg="HTTP challenge is not enabled" entryPointName=http routerName=acme-http@internal
time="2023-02-03T11:43:30Z" level=info msg="I have to go..."
time="2023-02-03T11:43:30Z" level=info msg="Stopping server gracefully"
time="2023-02-03T11:43:30Z" level=error msg="accept tcp [::]:443: use of closed network connection" entryPointName=https
time="2023-02-03T11:43:30Z" level=error msg="Error while starting server: accept tcp [::]:443: use of closed network connection" entryPointName=https
time="2023-02-03T11:43:30Z" level=error msg="accept tcp [::]:80: use of closed network connection" entryPointName=http
time="2023-02-03T11:43:30Z" level=error msg="Error while starting server: accept tcp [::]:80: use of closed network connection" entryPointName=http
time="2023-02-03T11:43:30Z" level=error msg="accept tcp [::]:8080: use of closed network connection" entryPointName=traefik
time="2023-02-03T11:43:30Z" level=error msg="Error while starting server: accept tcp [::]:8080: use of closed network connection" entryPointName=traefik
time="2023-02-03T11:43:30Z" level=info msg="Server stopped"
time="2023-02-03T11:43:30Z" level=info msg="Shutting down"
time="2023-02-03T11:43:37Z" level=info msg="Traefik version 2.9.6 built on 2022-12-07T14:17:58Z"
time="2023-02-03T11:43:37Z" level=info msg="\nStats collection is disabled.\nHelp us improve Traefik by turning this feature on :)\nMore details on: https://doc.traefik.io/traefik/contributing/data-collection/\n"
time="2023-02-03T11:43:37Z" level=error msg="The ACME resolver \"tgxn_net\" is skipped from the resolvers list because: unable to get ACME account: permissions 664 for /data/acme.json are too open, please use 600"
time="2023-02-03T11:43:37Z" level=info msg="Starting provider aggregator aggregator.ProviderAggregator"
time="2023-02-03T11:43:37Z" level=info msg="Starting provider *file.Provider"
time="2023-02-03T11:43:37Z" level=info msg="Starting provider *traefik.Provider"
time="2023-02-03T11:43:37Z" level=info msg="Starting provider *docker.Provider"
time="2023-02-03T11:43:37Z" level=info msg="Starting provider *acme.ChallengeTLSALPN"
time="2023-02-03T11:43:38Z" level=error msg="HTTP challenge is not enabled" entryPointName=http routerName=acme-http@internal
time="2023-02-03T11:43:38Z" level=error msg="HTTP challenge is not enabled" entryPointName=http routerName=acme-http@internal
time="2023-02-03T11:51:08Z" level=error msg="service \"magento\" error: unable to find the IP address for the container \"/magento-magento-1\": the server is ignored" container=magento-magento-1ba436bdc378629fa4d3da2ecb5e16b435b6f92aab3b2216b751038738957ea5 providerName=docker
time="2023-02-03T11:51:10Z" level=error msg="service \"magento\" error: unable to find the IP address for the container \"/magento-magento-1\": the server is ignored" providerName=docker container=magento-magento-1ba436bdc378629fa4d3da2ecb5e16b435b6f92aab3b2216b751038738957ea5
time="2023-02-03T11:51:12Z" level=error msg="service \"magento\" error: unable to find the IP address for the container \"/magento-magento-1\": the server is ignored" providerName=docker container=magento-magento-1ba436bdc378629fa4d3da2ecb5e16b435b6f92aab3b2216b751038738957ea5
time="2023-02-03T11:51:12Z" level=error msg="service \"magento\" error: unable to find the IP address for the container \"/magento-magento-1\": the server is ignored" container=magento-magento-1ba436bdc378629fa4d3da2ecb5e16b435b6f92aab3b2216b751038738957ea5 providerName=docker
time="2023-02-03T11:51:12Z" level=error msg="service \"magento\" error: unable to find the IP address for the container \"/magento-magento-1\": the server is ignored" providerName=docker container=magento-magento-1ba436bdc378629fa4d3da2ecb5e16b435b6f92aab3b2216b751038738957ea5
time="2023-02-03T11:51:14Z" level=error msg="service \"magento\" error: unable to find the IP address for the container \"/magento-magento-1\": the server is ignored" providerName=docker container=magento-magento-1ba436bdc378629fa4d3da2ecb5e16b435b6f92aab3b2216b751038738957ea5
time="2023-02-03T11:51:15Z" level=error msg="service \"magento\" error: unable to find the IP address for the container \"/magento-magento-1\": the server is ignored" providerName=docker container=magento-magento-1ba436bdc378629fa4d3da2ecb5e16b435b6f92aab3b2216b751038738957ea5
time="2023-02-03T11:51:16Z" level=error msg="service \"magento\" error: unable to find the IP address for the container \"/magento-magento-1\": the server is ignored" providerName=docker container=magento-magento-1ba436bdc378629fa4d3da2ecb5e16b435b6f92aab3b2216b751038738957ea5
time="2023-02-03T11:51:16Z" level=error msg="service \"magento\" error: unable to find the IP address for the container \"/magento-magento-1\": the server is ignored" providerName=docker container=magento-magento-1ba436bdc378629fa4d3da2ecb5e16b435b6f92aab3b2216b751038738957ea5
time="2023-02-03T11:51:16Z" level=error msg="service \"magento\" error: unable to find the IP address for the container \"/magento-magento-1\": the server is ignored" providerName=docker container=magento-magento-1ba436bdc378629fa4d3da2ecb5e16b435b6f92aab3b2216b751038738957ea5
time="2023-02-03T11:51:18Z" level=error msg="service \"magento\" error: unable to find the IP address for the container \"/magento-magento-1\": the server is ignored" providerName=docker container=magento-magento-1ba436bdc378629fa4d3da2ecb5e16b435b6f92aab3b2216b751038738957ea5
time="2023-02-03T11:51:22Z" level=error msg="service \"magento\" error: unable to find the IP address for the container \"/magento-magento-1\": the server is ignored" container=magento-magento-1ba436bdc378629fa4d3da2ecb5e16b435b6f92aab3b2216b751038738957ea5 providerName=docker
time="2023-02-03T11:51:23Z" level=error msg="service \"magento\" error: unable to find the IP address for the container \"/magento-magento-1\": the server is ignored" container=magento-magento-1ba436bdc378629fa4d3da2ecb5e16b435b6f92aab3b2216b751038738957ea5 providerName=docker
time="2023-02-03T11:51:25Z" level=error msg="service \"magento\" error: unable to find the IP address for the container \"/magento-magento-1\": the server is ignored" providerName=docker container=magento-magento-1ba436bdc378629fa4d3da2ecb5e16b435b6f92aab3b2216b751038738957ea5
time="2023-02-03T11:51:25Z" level=error msg="service \"magento\" error: unable to find the IP address for the container \"/magento-magento-1\": the server is ignored" providerName=docker container=magento-magento-1ba436bdc378629fa4d3da2ecb5e16b435b6f92aab3b2216b751038738957ea5
time="2023-02-03T11:51:53Z" level=error msg="HTTP challenge is not enabled" entryPointName=http routerName=acme-http@internal
time="2023-02-03T11:51:53Z" level=error msg="the router magento@docker uses a non-existent resolver: tgxn_net"
time="2023-02-03T11:52:05Z" level=error msg="HTTP challenge is not enabled" routerName=acme-http@internal entryPointName=http
time="2023-02-03T11:52:41Z" level=error msg="HTTP challenge is not enabled" entryPointName=http routerName=acme-http@internal
time="2023-02-03T11:52:41Z" level=error msg="the router magento@docker uses a non-existent resolver: tgxn_net"
time="2023-02-03T11:52:55Z" level=error msg="HTTP challenge is not enabled" entryPointName=http routerName=acme-http@internal
time="2023-02-03T11:53:34Z" level=error msg="HTTP challenge is not enabled" routerName=acme-http@internal entryPointName=http
time="2023-02-03T11:53:34Z" level=error msg="the router magento@docker uses a non-existent resolver: tgxn_net"
time="2023-02-03T11:53:44Z" level=error msg="HTTP challenge is not enabled" entryPointName=http routerName=acme-http@internal
time="2023-02-03T11:56:27Z" level=info msg="I have to go..."
time="2023-02-03T11:56:27Z" level=info msg="Stopping server gracefully"
time="2023-02-03T11:56:27Z" level=error msg="accept tcp [::]:8080: use of closed network connection" entryPointName=traefik
time="2023-02-03T11:56:27Z" level=error msg="accept tcp [::]:443: use of closed network connection" entryPointName=https
time="2023-02-03T11:56:27Z" level=error msg="accept tcp [::]:80: use of closed network connection" entryPointName=http
time="2023-02-03T11:56:27Z" level=error msg="Error while starting server: accept tcp [::]:443: use of closed network connection" entryPointName=https
time="2023-02-03T11:56:27Z" level=error msg="close tcp [::]:80: use of closed network connection" entryPointName=http
time="2023-02-03T11:56:27Z" level=error msg="Error while starting server: accept tcp [::]:8080: use of closed network connection" entryPointName=traefik
time="2023-02-03T11:56:27Z" level=error msg="close tcp [::]:443: use of closed network connection" entryPointName=https
time="2023-02-03T11:56:27Z" level=info msg="Server stopped"
time="2023-02-03T11:56:27Z" level=info msg="Shutting down"
time="2023-02-03T11:56:28Z" level=info msg="Traefik version 2.9.6 built on 2022-12-07T14:17:58Z"
time="2023-02-03T11:56:28Z" level=info msg="\nStats collection is disabled.\nHelp us improve Traefik by turning this feature on :)\nMore details on: https://doc.traefik.io/traefik/contributing/data-collection/\n"
time="2023-02-03T11:56:28Z" level=error msg="The ACME resolver \"multigento\" is skipped from the resolvers list because: unable to get ACME account: permissions 755 for /data/acme.json are too open, please use 600"
time="2023-02-03T11:56:28Z" level=info msg="Starting provider aggregator aggregator.ProviderAggregator"
time="2023-02-03T11:56:28Z" level=info msg="Starting provider *file.Provider"
time="2023-02-03T11:56:28Z" level=info msg="Starting provider *traefik.Provider"
time="2023-02-03T11:56:28Z" level=info msg="Starting provider *acme.ChallengeTLSALPN"
time="2023-02-03T11:56:28Z" level=info msg="Starting provider *docker.Provider"
time="2023-02-03T11:56:28Z" level=error msg="HTTP challenge is not enabled" entryPointName=http routerName=acme-http@internal
time="2023-02-03T11:56:28Z" level=error msg="HTTP challenge is not enabled" entryPointName=http routerName=acme-http@internal
time="2023-02-03T11:56:50Z" level=error msg="HTTP challenge is not enabled" entryPointName=http routerName=acme-http@internal
time="2023-02-03T11:56:50Z" level=error msg="the router magento@docker uses a non-existent resolver: multigento"
time="2023-02-03T11:57:07Z" level=error msg="HTTP challenge is not enabled" routerName=acme-http@internal entryPointName=http
time="2023-02-03T11:57:27Z" level=error msg="HTTP challenge is not enabled" routerName=acme-http@internal entryPointName=http
time="2023-02-03T11:57:27Z" level=error msg="the router magento@docker uses a non-existent resolver: multigento"
time="2023-02-03T11:58:10Z" level=info msg="I have to go..."
time="2023-02-03T11:58:10Z" level=info msg="Stopping server gracefully"
time="2023-02-03T11:58:10Z" level=error msg="accept tcp [::]:443: use of closed network connection" entryPointName=https
time="2023-02-03T11:58:10Z" level=error msg="close tcp [::]:443: use of closed network connection" entryPointName=https
time="2023-02-03T11:58:10Z" level=error msg="accept tcp [::]:80: use of closed network connection" entryPointName=http
time="2023-02-03T11:58:10Z" level=error msg="Error while starting server: accept tcp [::]:80: use of closed network connection" entryPointName=http
time="2023-02-03T11:58:10Z" level=error msg="accept tcp [::]:8080: use of closed network connection" entryPointName=traefik
time="2023-02-03T11:58:10Z" level=error msg="close tcp [::]:8080: use of closed network connection" entryPointName=traefik
time="2023-02-03T11:58:10Z" level=info msg="Server stopped"
time="2023-02-03T11:58:10Z" level=info msg="Shutting down"
time="2023-02-03T11:58:16Z" level=info msg="Traefik version 2.9.6 built on 2022-12-07T14:17:58Z"
time="2023-02-03T11:58:16Z" level=info msg="\nStats collection is disabled.\nHelp us improve Traefik by turning this feature on :)\nMore details on: https://doc.traefik.io/traefik/contributing/data-collection/\n"
time="2023-02-03T11:58:16Z" level=error msg="The ACME resolver \"multigento\" is skipped from the resolvers list because: unable to get ACME account: permissions 755 for /data/acme.json are too open, please use 600"
time="2023-02-03T11:58:16Z" level=info msg="Starting provider aggregator aggregator.ProviderAggregator"
time="2023-02-03T11:58:16Z" level=info msg="Starting provider *file.Provider"
time="2023-02-03T11:58:16Z" level=info msg="Starting provider *traefik.Provider"
time="2023-02-03T11:58:16Z" level=info msg="Starting provider *docker.Provider"
time="2023-02-03T11:58:16Z" level=info msg="Starting provider *acme.ChallengeTLSALPN"
time="2023-02-03T11:58:17Z" level=error msg="HTTP challenge is not enabled" routerName=acme-http@internal entryPointName=http
time="2023-02-03T11:58:17Z" level=error msg="HTTP challenge is not enabled" entryPointName=http routerName=acme-http@internal
time="2023-02-03T11:58:17Z" level=error msg="the router magento@docker uses a non-existent resolver: multigento"
time="2023-02-03T11:59:17Z" level=info msg="I have to go..."
time="2023-02-03T11:59:17Z" level=info msg="Stopping server gracefully"
time="2023-02-03T11:59:17Z" level=error msg="accept tcp [::]:80: use of closed network connection" entryPointName=http
time="2023-02-03T11:59:17Z" level=error msg="Error while starting server: accept tcp [::]:80: use of closed network connection" entryPointName=http
time="2023-02-03T11:59:17Z" level=error msg="accept tcp [::]:443: use of closed network connection" entryPointName=https
time="2023-02-03T11:59:17Z" level=error msg="Error while starting server: accept tcp [::]:443: use of closed network connection" entryPointName=https
time="2023-02-03T11:59:17Z" level=error msg="accept tcp [::]:8080: use of closed network connection" entryPointName=traefik
time="2023-02-03T11:59:17Z" level=error msg="Error while starting server: accept tcp [::]:8080: use of closed network connection" entryPointName=traefik
time="2023-02-03T11:59:17Z" level=info msg="Server stopped"
time="2023-02-03T11:59:17Z" level=info msg="Shutting down"
time="2023-02-03T11:59:23Z" level=info msg="Traefik version 2.9.6 built on 2022-12-07T14:17:58Z"
time="2023-02-03T11:59:23Z" level=info msg="\nStats collection is disabled.\nHelp us improve Traefik by turning this feature on :)\nMore details on: https://doc.traefik.io/traefik/contributing/data-collection/\n"
time="2023-02-03T11:59:23Z" level=info msg="Starting provider aggregator aggregator.ProviderAggregator"
time="2023-02-03T11:59:23Z" level=info msg="Starting provider *file.Provider"
time="2023-02-03T11:59:23Z" level=info msg="Starting provider *traefik.Provider"
time="2023-02-03T11:59:23Z" level=info msg="Starting provider *docker.Provider"
time="2023-02-03T11:59:23Z" level=info msg="Starting provider *acme.Provider"
time="2023-02-03T11:59:23Z" level=info msg="Testing certificate renew..." providerName=multigento.acme ACME CA="https://acme-v02.api.letsencrypt.org/directory"
time="2023-02-03T11:59:23Z" level=info msg="Starting provider *acme.ChallengeTLSALPN"
time="2023-02-03T11:59:27Z" level=info msg=Register... providerName=multigento.acme
time="2023-02-03T13:04:30Z" level=error msg="Router defined multiple times with different configurations in [magento-magento-2b6139e7d01f86576f80be814cd4374fd35e84233539676d1a79246e86c5e055 magento-one-e610d17c5a31c44040833a2b2a513da23b89fce52d4859072dfacc847e2ed36c]" providerName=docker routerName=magento
time="2023-02-03T13:04:30Z" level=error msg="Router defined multiple times with different configurations in [magento-magento-2b6139e7d01f86576f80be814cd4374fd35e84233539676d1a79246e86c5e055 magento-one-e610d17c5a31c44040833a2b2a513da23b89fce52d4859072dfacc847e2ed36c]" routerName=magento_http_redirect providerName=docker
time="2023-02-03T13:04:40Z" level=error msg="Router defined multiple times with different configurations in [magento-magento-2b6139e7d01f86576f80be814cd4374fd35e84233539676d1a79246e86c5e055 magento-one-e610d17c5a31c44040833a2b2a513da23b89fce52d4859072dfacc847e2ed36c]" providerName=docker routerName=magento
time="2023-02-03T13:04:40Z" level=error msg="Router defined multiple times with different configurations in [magento-magento-2b6139e7d01f86576f80be814cd4374fd35e84233539676d1a79246e86c5e055 magento-one-e610d17c5a31c44040833a2b2a513da23b89fce52d4859072dfacc847e2ed36c]" providerName=docker routerName=magento_http_redirect
time="2023-02-03T13:04:40Z" level=error msg="Router defined multiple times with different configurations in [magento-magento-2b6139e7d01f86576f80be814cd4374fd35e84233539676d1a79246e86c5e055 magento-one-e610d17c5a31c44040833a2b2a513da23b89fce52d4859072dfacc847e2ed36c]" providerName=docker routerName=magento_http_redirect
time="2023-02-03T13:04:40Z" level=error msg="Router defined multiple times with different configurations in [magento-magento-2b6139e7d01f86576f80be814cd4374fd35e84233539676d1a79246e86c5e055 magento-one-e610d17c5a31c44040833a2b2a513da23b89fce52d4859072dfacc847e2ed36c]" providerName=docker routerName=magento
time="2023-02-03T13:04:50Z" level=error msg="Router defined multiple times with different configurations in [magento-magento-2b6139e7d01f86576f80be814cd4374fd35e84233539676d1a79246e86c5e055 magento-one-e610d17c5a31c44040833a2b2a513da23b89fce52d4859072dfacc847e2ed36c]" providerName=docker routerName=magento_http_redirect
time="2023-02-03T13:04:50Z" level=error msg="Router defined multiple times with different configurations in [magento-magento-2b6139e7d01f86576f80be814cd4374fd35e84233539676d1a79246e86c5e055 magento-one-e610d17c5a31c44040833a2b2a513da23b89fce52d4859072dfacc847e2ed36c]" providerName=docker routerName=magento
time="2023-02-03T13:04:51Z" level=error msg="Router defined multiple times with different configurations in [magento-magento-2b6139e7d01f86576f80be814cd4374fd35e84233539676d1a79246e86c5e055 magento-one-e610d17c5a31c44040833a2b2a513da23b89fce52d4859072dfacc847e2ed36c]" routerName=magento providerName=docker
time="2023-02-03T13:04:51Z" level=error msg="Router defined multiple times with different configurations in [magento-magento-2b6139e7d01f86576f80be814cd4374fd35e84233539676d1a79246e86c5e055 magento-one-e610d17c5a31c44040833a2b2a513da23b89fce52d4859072dfacc847e2ed36c]" providerName=docker routerName=magento_http_redirect
time="2023-02-03T13:05:00Z" level=error msg="Router defined multiple times with different configurations in [magento-magento-2b6139e7d01f86576f80be814cd4374fd35e84233539676d1a79246e86c5e055 magento-one-e610d17c5a31c44040833a2b2a513da23b89fce52d4859072dfacc847e2ed36c]" routerName=magento providerName=docker
time="2023-02-03T13:05:00Z" level=error msg="Router defined multiple times with different configurations in [magento-magento-2b6139e7d01f86576f80be814cd4374fd35e84233539676d1a79246e86c5e055 magento-one-e610d17c5a31c44040833a2b2a513da23b89fce52d4859072dfacc847e2ed36c]" providerName=docker routerName=magento_http_redirect
time="2023-02-03T13:05:01Z" level=error msg="Router defined multiple times with different configurations in [magento-magento-2b6139e7d01f86576f80be814cd4374fd35e84233539676d1a79246e86c5e055 magento-one-e610d17c5a31c44040833a2b2a513da23b89fce52d4859072dfacc847e2ed36c]" providerName=docker routerName=magento
time="2023-02-03T13:05:01Z" level=error msg="Router defined multiple times with different configurations in [magento-magento-2b6139e7d01f86576f80be814cd4374fd35e84233539676d1a79246e86c5e055 magento-one-e610d17c5a31c44040833a2b2a513da23b89fce52d4859072dfacc847e2ed36c]" providerName=docker routerName=magento_http_redirect
time="2023-02-03T13:05:12Z" level=error msg="Router defined multiple times with different configurations in [magento-magento-2b6139e7d01f86576f80be814cd4374fd35e84233539676d1a79246e86c5e055 magento-one-e610d17c5a31c44040833a2b2a513da23b89fce52d4859072dfacc847e2ed36c]" providerName=docker routerName=magento_http_redirect
time="2023-02-03T13:05:12Z" level=error msg="Router defined multiple times with different configurations in [magento-magento-2b6139e7d01f86576f80be814cd4374fd35e84233539676d1a79246e86c5e055 magento-one-e610d17c5a31c44040833a2b2a513da23b89fce52d4859072dfacc847e2ed36c]" providerName=docker routerName=magento
time="2023-02-03T13:05:12Z" level=error msg="Router defined multiple times with different configurations in [magento-magento-2b6139e7d01f86576f80be814cd4374fd35e84233539676d1a79246e86c5e055 magento-one-e610d17c5a31c44040833a2b2a513da23b89fce52d4859072dfacc847e2ed36c]" providerName=docker routerName=magento
time="2023-02-03T13:05:12Z" level=error msg="Router defined multiple times with different configurations in [magento-magento-2b6139e7d01f86576f80be814cd4374fd35e84233539676d1a79246e86c5e055 magento-one-e610d17c5a31c44040833a2b2a513da23b89fce52d4859072dfacc847e2ed36c]" providerName=docker routerName=magento_http_redirect
time="2023-02-03T13:05:24Z" level=error msg="Router defined multiple times with different configurations in [magento-magento-2b6139e7d01f86576f80be814cd4374fd35e84233539676d1a79246e86c5e055 magento-one-e610d17c5a31c44040833a2b2a513da23b89fce52d4859072dfacc847e2ed36c]" providerName=docker routerName=magento_http_redirect
time="2023-02-03T13:05:24Z" level=error msg="Router defined multiple times with different configurations in [magento-magento-2b6139e7d01f86576f80be814cd4374fd35e84233539676d1a79246e86c5e055 magento-one-e610d17c5a31c44040833a2b2a513da23b89fce52d4859072dfacc847e2ed36c]" providerName=docker routerName=magento
time="2023-02-03T13:05:24Z" level=error msg="Router defined multiple times with different configurations in [magento-magento-2b6139e7d01f86576f80be814cd4374fd35e84233539676d1a79246e86c5e055 magento-one-e610d17c5a31c44040833a2b2a513da23b89fce52d4859072dfacc847e2ed36c]" providerName=docker routerName=magento
time="2023-02-03T13:05:24Z" level=error msg="Router defined multiple times with different configurations in [magento-magento-2b6139e7d01f86576f80be814cd4374fd35e84233539676d1a79246e86c5e055 magento-one-e610d17c5a31c44040833a2b2a513da23b89fce52d4859072dfacc847e2ed36c]" routerName=magento_http_redirect providerName=docker
time="2023-02-03T13:05:35Z" level=error msg="Router defined multiple times with different configurations in [magento-magento-2b6139e7d01f86576f80be814cd4374fd35e84233539676d1a79246e86c5e055 magento-one-e610d17c5a31c44040833a2b2a513da23b89fce52d4859072dfacc847e2ed36c]" providerName=docker routerName=magento
time="2023-02-03T13:05:35Z" level=error msg="Router defined multiple times with different configurations in [magento-magento-2b6139e7d01f86576f80be814cd4374fd35e84233539676d1a79246e86c5e055 magento-one-e610d17c5a31c44040833a2b2a513da23b89fce52d4859072dfacc847e2ed36c]" routerName=magento_http_redirect providerName=docker
time="2023-02-03T13:05:35Z" level=error msg="Router defined multiple times with different configurations in [magento-magento-2b6139e7d01f86576f80be814cd4374fd35e84233539676d1a79246e86c5e055 magento-one-e610d17c5a31c44040833a2b2a513da23b89fce52d4859072dfacc847e2ed36c]" providerName=docker routerName=magento
time="2023-02-03T13:05:35Z" level=error msg="Router defined multiple times with different configurations in [magento-magento-2b6139e7d01f86576f80be814cd4374fd35e84233539676d1a79246e86c5e055 magento-one-e610d17c5a31c44040833a2b2a513da23b89fce52d4859072dfacc847e2ed36c]" providerName=docker routerName=magento_http_redirect
time="2023-02-03T13:05:38Z" level=error msg="Router defined multiple times with different configurations in [magento-magento-2b6139e7d01f86576f80be814cd4374fd35e84233539676d1a79246e86c5e055 magento-one-e610d17c5a31c44040833a2b2a513da23b89fce52d4859072dfacc847e2ed36c]" providerName=docker routerName=magento_http_redirect
time="2023-02-03T13:05:38Z" level=error msg="Router defined multiple times with different configurations in [magento-magento-2b6139e7d01f86576f80be814cd4374fd35e84233539676d1a79246e86c5e055 magento-one-e610d17c5a31c44040833a2b2a513da23b89fce52d4859072dfacc847e2ed36c]" routerName=magento providerName=docker
time="2023-02-03T13:05:38Z" level=error msg="Router defined multiple times with different configurations in [magento-magento-2b6139e7d01f86576f80be814cd4374fd35e84233539676d1a79246e86c5e055 magento-one-e610d17c5a31c44040833a2b2a513da23b89fce52d4859072dfacc847e2ed36c]" routerName=magento providerName=docker
time="2023-02-03T13:05:38Z" level=error msg="Router defined multiple times with different configurations in [magento-magento-2b6139e7d01f86576f80be814cd4374fd35e84233539676d1a79246e86c5e055 magento-one-e610d17c5a31c44040833a2b2a513da23b89fce52d4859072dfacc847e2ed36c]" providerName=docker routerName=magento_http_redirect
time="2023-02-03T13:05:47Z" level=error msg="Router defined multiple times with different configurations in [magento-magento-2b6139e7d01f86576f80be814cd4374fd35e84233539676d1a79246e86c5e055 magento-one-e610d17c5a31c44040833a2b2a513da23b89fce52d4859072dfacc847e2ed36c]" providerName=docker routerName=magento
time="2023-02-03T13:05:47Z" level=error msg="Router defined multiple times with different configurations in [magento-magento-2b6139e7d01f86576f80be814cd4374fd35e84233539676d1a79246e86c5e055 magento-one-e610d17c5a31c44040833a2b2a513da23b89fce52d4859072dfacc847e2ed36c]" providerName=docker routerName=magento_http_redirect
time="2023-02-03T13:05:47Z" level=error msg="Router defined multiple times with different configurations in [magento-magento-2b6139e7d01f86576f80be814cd4374fd35e84233539676d1a79246e86c5e055 magento-one-e610d17c5a31c44040833a2b2a513da23b89fce52d4859072dfacc847e2ed36c]" routerName=magento_http_redirect providerName=docker
time="2023-02-03T13:05:47Z" level=error msg="Router defined multiple times with different configurations in [magento-magento-2b6139e7d01f86576f80be814cd4374fd35e84233539676d1a79246e86c5e055 magento-one-e610d17c5a31c44040833a2b2a513da23b89fce52d4859072dfacc847e2ed36c]" providerName=docker routerName=magento
time="2023-02-03T13:05:59Z" level=error msg="Router defined multiple times with different configurations in [magento-magento-2b6139e7d01f86576f80be814cd4374fd35e84233539676d1a79246e86c5e055 magento-one-e610d17c5a31c44040833a2b2a513da23b89fce52d4859072dfacc847e2ed36c]" providerName=docker routerName=magento
time="2023-02-03T13:05:59Z" level=error msg="Router defined multiple times with different configurations in [magento-magento-2b6139e7d01f86576f80be814cd4374fd35e84233539676d1a79246e86c5e055 magento-one-e610d17c5a31c44040833a2b2a513da23b89fce52d4859072dfacc847e2ed36c]" providerName=docker routerName=magento_http_redirect
time="2023-02-03T13:05:59Z" level=error msg="Router defined multiple times with different configurations in [magento-magento-2b6139e7d01f86576f80be814cd4374fd35e84233539676d1a79246e86c5e055 magento-one-e610d17c5a31c44040833a2b2a513da23b89fce52d4859072dfacc847e2ed36c]" providerName=docker routerName=magento
time="2023-02-03T13:05:59Z" level=error msg="Router defined multiple times with different configurations in [magento-magento-2b6139e7d01f86576f80be814cd4374fd35e84233539676d1a79246e86c5e055 magento-one-e610d17c5a31c44040833a2b2a513da23b89fce52d4859072dfacc847e2ed36c]" providerName=docker routerName=magento_http_redirect
time="2023-02-03T13:06:10Z" level=error msg="Router defined multiple times with different configurations in [magento-magento-2b6139e7d01f86576f80be814cd4374fd35e84233539676d1a79246e86c5e055 magento-one-e610d17c5a31c44040833a2b2a513da23b89fce52d4859072dfacc847e2ed36c]" providerName=docker routerName=magento
time="2023-02-03T13:06:10Z" level=error msg="Router defined multiple times with different configurations in [magento-magento-2b6139e7d01f86576f80be814cd4374fd35e84233539676d1a79246e86c5e055 magento-one-e610d17c5a31c44040833a2b2a513da23b89fce52d4859072dfacc847e2ed36c]" providerName=docker routerName=magento_http_redirect
time="2023-02-03T13:06:10Z" level=error msg="Router defined multiple times with different configurations in [magento-magento-2b6139e7d01f86576f80be814cd4374fd35e84233539676d1a79246e86c5e055 magento-one-e610d17c5a31c44040833a2b2a513da23b89fce52d4859072dfacc847e2ed36c]" providerName=docker routerName=magento
time="2023-02-03T13:06:10Z" level=error msg="Router defined multiple times with different configurations in [magento-magento-2b6139e7d01f86576f80be814cd4374fd35e84233539676d1a79246e86c5e055 magento-one-e610d17c5a31c44040833a2b2a513da23b89fce52d4859072dfacc847e2ed36c]" routerName=magento_http_redirect providerName=docker
time="2023-02-03T13:06:22Z" level=error msg="Router defined multiple times with different configurations in [magento-magento-2b6139e7d01f86576f80be814cd4374fd35e84233539676d1a79246e86c5e055 magento-one-e610d17c5a31c44040833a2b2a513da23b89fce52d4859072dfacc847e2ed36c]" providerName=docker routerName=magento
time="2023-02-03T13:06:22Z" level=error msg="Router defined multiple times with different configurations in [magento-magento-2b6139e7d01f86576f80be814cd4374fd35e84233539676d1a79246e86c5e055 magento-one-e610d17c5a31c44040833a2b2a513da23b89fce52d4859072dfacc847e2ed36c]" providerName=docker routerName=magento_http_redirect
time="2023-02-03T13:06:22Z" level=error msg="Router defined multiple times with different configurations in [magento-magento-2b6139e7d01f86576f80be814cd4374fd35e84233539676d1a79246e86c5e055 magento-one-e610d17c5a31c44040833a2b2a513da23b89fce52d4859072dfacc847e2ed36c]" providerName=docker routerName=magento
time="2023-02-03T13:06:22Z" level=error msg="Router defined multiple times with different configurations in [magento-magento-2b6139e7d01f86576f80be814cd4374fd35e84233539676d1a79246e86c5e055 magento-one-e610d17c5a31c44040833a2b2a513da23b89fce52d4859072dfacc847e2ed36c]" providerName=docker routerName=magento_http_redirect
time="2023-02-03T13:06:34Z" level=error msg="Router defined multiple times with different configurations in [magento-magento-2b6139e7d01f86576f80be814cd4374fd35e84233539676d1a79246e86c5e055 magento-one-e610d17c5a31c44040833a2b2a513da23b89fce52d4859072dfacc847e2ed36c]" providerName=docker routerName=magento_http_redirect
time="2023-02-03T13:06:34Z" level=error msg="Router defined multiple times with different configurations in [magento-magento-2b6139e7d01f86576f80be814cd4374fd35e84233539676d1a79246e86c5e055 magento-one-e610d17c5a31c44040833a2b2a513da23b89fce52d4859072dfacc847e2ed36c]" providerName=docker routerName=magento
time="2023-02-03T13:06:34Z" level=error msg="Router defined multiple times with different configurations in [magento-magento-2b6139e7d01f86576f80be814cd4374fd35e84233539676d1a79246e86c5e055 magento-one-e610d17c5a31c44040833a2b2a513da23b89fce52d4859072dfacc847e2ed36c]" providerName=docker routerName=magento
time="2023-02-03T13:06:34Z" level=error msg="Router defined multiple times with different configurations in [magento-magento-2b6139e7d01f86576f80be814cd4374fd35e84233539676d1a79246e86c5e055 magento-one-e610d17c5a31c44040833a2b2a513da23b89fce52d4859072dfacc847e2ed36c]" routerName=magento_http_redirect providerName=docker
time="2023-02-03T13:06:40Z" level=error msg="Router defined multiple times with different configurations in [magento-magento-2b6139e7d01f86576f80be814cd4374fd35e84233539676d1a79246e86c5e055 magento-one-e610d17c5a31c44040833a2b2a513da23b89fce52d4859072dfacc847e2ed36c]" providerName=docker routerName=magento
time="2023-02-03T13:06:40Z" level=error msg="Router defined multiple times with different configurations in [magento-magento-2b6139e7d01f86576f80be814cd4374fd35e84233539676d1a79246e86c5e055 magento-one-e610d17c5a31c44040833a2b2a513da23b89fce52d4859072dfacc847e2ed36c]" providerName=docker routerName=magento_http_redirect
time="2023-02-03T13:06:40Z" level=error msg="Router defined multiple times with different configurations in [magento-magento-2b6139e7d01f86576f80be814cd4374fd35e84233539676d1a79246e86c5e055 magento-one-e610d17c5a31c44040833a2b2a513da23b89fce52d4859072dfacc847e2ed36c]" providerName=docker routerName=magento
time="2023-02-03T13:06:40Z" level=error msg="Router defined multiple times with different configurations in [magento-magento-2b6139e7d01f86576f80be814cd4374fd35e84233539676d1a79246e86c5e055 magento-one-e610d17c5a31c44040833a2b2a513da23b89fce52d4859072dfacc847e2ed36c]" providerName=docker routerName=magento_http_redirect
time="2023-02-03T13:06:45Z" level=error msg="Router defined multiple times with different configurations in [magento-magento-2b6139e7d01f86576f80be814cd4374fd35e84233539676d1a79246e86c5e055 magento-one-e610d17c5a31c44040833a2b2a513da23b89fce52d4859072dfacc847e2ed36c]" providerName=docker routerName=magento
time="2023-02-03T13:06:45Z" level=error msg="Router defined multiple times with different configurations in [magento-magento-2b6139e7d01f86576f80be814cd4374fd35e84233539676d1a79246e86c5e055 magento-one-e610d17c5a31c44040833a2b2a513da23b89fce52d4859072dfacc847e2ed36c]" routerName=magento_http_redirect providerName=docker
time="2023-02-03T13:06:45Z" level=error msg="Router defined multiple times with different configurations in [magento-magento-2b6139e7d01f86576f80be814cd4374fd35e84233539676d1a79246e86c5e055 magento-one-e610d17c5a31c44040833a2b2a513da23b89fce52d4859072dfacc847e2ed36c]" routerName=magento providerName=docker
time="2023-02-03T13:06:45Z" level=error msg="Router defined multiple times with different configurations in [magento-magento-2b6139e7d01f86576f80be814cd4374fd35e84233539676d1a79246e86c5e055 magento-one-e610d17c5a31c44040833a2b2a513da23b89fce52d4859072dfacc847e2ed36c]" providerName=docker routerName=magento_http_redirect
time="2023-02-03T13:07:14Z" level=error msg="Unable to obtain ACME certificate for domains \"one.multi.tgxn.tech\": unable to generate a certificate for the domains [one.multi.tgxn.tech]: Post \"https://acme-v02.api.letsencrypt.org/acme/new-order\": dial tcp: lookup acme-v02.api.letsencrypt.org on 127.0.0.11:53: read udp 127.0.0.1:35596->127.0.0.11:53: i/o timeout" rule="Host(`one.multi.tgxn.tech`)" providerName=multigento.acme ACME CA="https://acme-v02.api.letsencrypt.org/directory" routerName=magento_one@docker
time="2023-02-03T13:12:39Z" level=info msg="I have to go..."
time="2023-02-03T13:12:39Z" level=info msg="Stopping server gracefully"
time="2023-02-03T13:12:39Z" level=error msg="accept tcp [::]:80: use of closed network connection" entryPointName=http
time="2023-02-03T13:12:39Z" level=error msg="close tcp [::]:80: use of closed network connection" entryPointName=http
time="2023-02-03T13:12:39Z" level=error msg="accept tcp [::]:8080: use of closed network connection" entryPointName=traefik
time="2023-02-03T13:12:39Z" level=error msg="close tcp [::]:8080: use of closed network connection" entryPointName=traefik
time="2023-02-03T13:12:39Z" level=error msg="accept tcp [::]:443: use of closed network connection" entryPointName=https
time="2023-02-03T13:12:39Z" level=error msg="close tcp [::]:443: use of closed network connection" entryPointName=https
time="2023-02-03T13:12:39Z" level=info msg="Server stopped"
time="2023-02-03T13:12:39Z" level=info msg="Shutting down"
time="2023-02-03T13:12:40Z" level=info msg="Traefik version 2.9.6 built on 2022-12-07T14:17:58Z"
time="2023-02-03T13:12:40Z" level=info msg="\nStats collection is disabled.\nHelp us improve Traefik by turning this feature on :)\nMore details on: https://doc.traefik.io/traefik/contributing/data-collection/\n"
time="2023-02-03T13:12:40Z" level=info msg="Starting provider aggregator aggregator.ProviderAggregator"
time="2023-02-03T13:12:40Z" level=info msg="Starting provider *file.Provider"
time="2023-02-03T13:12:40Z" level=info msg="Starting provider *docker.Provider"
time="2023-02-03T13:12:40Z" level=info msg="Starting provider *acme.ChallengeTLSALPN"
time="2023-02-03T13:12:40Z" level=info msg="Starting provider *traefik.Provider"
time="2023-02-03T13:12:40Z" level=info msg="Starting provider *acme.Provider"
time="2023-02-03T13:12:40Z" level=info msg="Testing certificate renew..." providerName=multigento.acme ACME CA="https://acme-v02.api.letsencrypt.org/directory"
time="2023-02-03T13:12:55Z" level=info msg="I have to go..."
time="2023-02-03T13:12:55Z" level=info msg="Stopping server gracefully"
time="2023-02-03T13:12:55Z" level=error msg="accept tcp [::]:80: use of closed network connection" entryPointName=http
time="2023-02-03T13:12:55Z" level=error msg="accept tcp [::]:443: use of closed network connection" entryPointName=https
time="2023-02-03T13:12:55Z" level=error msg="Error while starting server: accept tcp [::]:80: use of closed network connection" entryPointName=http
time="2023-02-03T13:12:55Z" level=error msg="Error while starting server: accept tcp [::]:443: use of closed network connection" entryPointName=https
time="2023-02-03T13:12:55Z" level=error msg="accept tcp [::]:8080: use of closed network connection" entryPointName=traefik
time="2023-02-03T13:12:55Z" level=error msg="close tcp [::]:8080: use of closed network connection" entryPointName=traefik
time="2023-02-03T13:12:56Z" level=info msg="Server stopped"
time="2023-02-03T13:12:56Z" level=info msg="Shutting down"
time="2023-02-03T13:12:56Z" level=warning msg="Failed to inspect container 7f042c991127f4b6781a65b25758093b25848ef94a6c2d8ff3dd75c861c7a7fb, error: Get \"http://%2Fvar%2Frun%2Fdocker.sock/v1.24/containers/7f042c991127f4b6781a65b25758093b25848ef94a6c2d8ff3dd75c861c7a7fb/json\": context canceled" providerName=docker
time="2023-02-03T13:12:56Z" level=warning msg="Failed to inspect container d4de7052c4377fbf86a4dce6790e86d32ec82d340518ec63a268ef9ace014b47, error: Get \"http://%2Fvar%2Frun%2Fdocker.sock/v1.24/containers/d4de7052c4377fbf86a4dce6790e86d32ec82d340518ec63a268ef9ace014b47/json\": context canceled" providerName=docker
time="2023-02-03T13:12:56Z" level=warning msg="Failed to inspect container eab3a87337da53788ea8a706f7eb5ebf81002c21168fb7bb07816982fb70fe97, error: Get \"http://%2Fvar%2Frun%2Fdocker.sock/v1.24/containers/eab3a87337da53788ea8a706f7eb5ebf81002c21168fb7bb07816982fb70fe97/json\": context canceled" providerName=docker
time="2023-02-03T13:12:56Z" level=warning msg="Failed to inspect container 2b6139e7d01f86576f80be814cd4374fd35e84233539676d1a79246e86c5e055, error: Get \"http://%2Fvar%2Frun%2Fdocker.sock/v1.24/containers/2b6139e7d01f86576f80be814cd4374fd35e84233539676d1a79246e86c5e055/json\": context canceled" providerName=docker
time="2023-02-03T13:12:56Z" level=warning msg="Failed to inspect container af8a098229c9b8fd4ce141cce53c2e76346cb1e63457e9899f62d9b44471995a, error: Get \"http://%2Fvar%2Frun%2Fdocker.sock/v1.24/containers/af8a098229c9b8fd4ce141cce53c2e76346cb1e63457e9899f62d9b44471995a/json\": context canceled" providerName=docker
time="2023-02-03T13:12:56Z" level=warning msg="Failed to inspect container 2b28dd456ef7e1c8d2ba69ca3ddbea9421f50e0c8e5488f6bdbafa369cbe2b94, error: Get \"http://%2Fvar%2Frun%2Fdocker.sock/v1.24/containers/2b28dd456ef7e1c8d2ba69ca3ddbea9421f50e0c8e5488f6bdbafa369cbe2b94/json\": context canceled" providerName=docker
time="2023-02-03T13:12:57Z" level=info msg="Traefik version 2.9.6 built on 2022-12-07T14:17:58Z"
time="2023-02-03T13:12:57Z" level=info msg="\nStats collection is disabled.\nHelp us improve Traefik by turning this feature on :)\nMore details on: https://doc.traefik.io/traefik/contributing/data-collection/\n"
time="2023-02-03T13:12:57Z" level=info msg="Starting provider aggregator aggregator.ProviderAggregator"
time="2023-02-03T13:12:57Z" level=info msg="Starting provider *file.Provider"
time="2023-02-03T13:12:57Z" level=info msg="Starting provider *traefik.Provider"
time="2023-02-03T13:12:57Z" level=info msg="Starting provider *acme.ChallengeTLSALPN"
time="2023-02-03T13:12:57Z" level=info msg="Starting provider *acme.Provider"
time="2023-02-03T13:12:57Z" level=info msg="Testing certificate renew..." ACME CA="https://acme-v02.api.letsencrypt.org/directory" providerName=multigento.acme
time="2023-02-03T13:12:57Z" level=info msg="Starting provider *docker.Provider"
time="2023-02-03T14:29:53Z" level=info msg="Traefik version 2.9.6 built on 2022-12-07T14:17:58Z"
time="2023-02-03T14:29:53Z" level=info msg="\nStats collection is disabled.\nHelp us improve Traefik by turning this feature on :)\nMore details on: https://doc.traefik.io/traefik/contributing/data-collection/\n"
time="2023-02-03T14:29:53Z" level=info msg="Starting provider aggregator aggregator.ProviderAggregator"
time="2023-02-03T14:29:53Z" level=info msg="Starting provider *file.Provider"
time="2023-02-03T14:29:53Z" level=info msg="Starting provider *traefik.Provider"
time="2023-02-03T14:29:53Z" level=info msg="Starting provider *acme.ChallengeTLSALPN"
time="2023-02-03T14:29:53Z" level=info msg="Starting provider *docker.Provider"
time="2023-02-03T14:29:53Z" level=info msg="Starting provider *acme.Provider"
time="2023-02-03T14:29:53Z" level=info msg="Testing certificate renew..." providerName=multigento.acme ACME CA="https://acme-v02.api.letsencrypt.org/directory"
time="2023-02-03T15:10:08Z" level=info msg="Traefik version 2.9.6 built on 2022-12-07T14:17:58Z"
time="2023-02-03T15:10:08Z" level=info msg="\nStats collection is disabled.\nHelp us improve Traefik by turning this feature on :)\nMore details on: https://doc.traefik.io/traefik/contributing/data-collection/\n"
time="2023-02-03T15:10:09Z" level=info msg="Starting provider aggregator aggregator.ProviderAggregator"
time="2023-02-03T15:10:09Z" level=info msg="Starting provider *file.Provider"
time="2023-02-03T15:10:09Z" level=info msg="Starting provider *traefik.Provider"
time="2023-02-03T15:10:09Z" level=info msg="Starting provider *acme.ChallengeTLSALPN"
time="2023-02-03T15:10:09Z" level=info msg="Starting provider *docker.Provider"
time="2023-02-03T15:10:09Z" level=info msg="Starting provider *acme.Provider"
time="2023-02-03T15:10:09Z" level=info msg="Testing certificate renew..." providerName=multigento.acme ACME CA="https://acme-v02.api.letsencrypt.org/directory"
time="2023-02-03T15:11:07Z" level=info msg="I have to go..."
time="2023-02-03T15:11:07Z" level=info msg="Stopping server gracefully"
time="2023-02-03T15:11:07Z" level=error msg="accept tcp [::]:80: use of closed network connection" entryPointName=http
time="2023-02-03T15:11:07Z" level=error msg="Error while starting server: accept tcp [::]:80: use of closed network connection" entryPointName=http
time="2023-02-03T15:11:07Z" level=error msg="accept tcp [::]:443: use of closed network connection" entryPointName=https
time="2023-02-03T15:11:07Z" level=error msg="Error while starting server: accept tcp [::]:443: use of closed network connection" entryPointName=https
time="2023-02-03T15:11:07Z" level=error msg="accept tcp [::]:8080: use of closed network connection" entryPointName=traefik
time="2023-02-03T15:11:07Z" level=error msg="Error while starting server: accept tcp [::]:8080: use of closed network connection" entryPointName=traefik
time="2023-02-03T15:11:07Z" level=info msg="Server stopped"
time="2023-02-03T15:11:07Z" level=info msg="Shutting down"
time="2023-02-03T15:13:10Z" level=info msg="Traefik version 2.9.6 built on 2022-12-07T14:17:58Z"
time="2023-02-03T15:13:10Z" level=info msg="\nStats collection is disabled.\nHelp us improve Traefik by turning this feature on :)\nMore details on: https://doc.traefik.io/traefik/contributing/data-collection/\n"
time="2023-02-03T15:13:10Z" level=info msg="Starting provider aggregator aggregator.ProviderAggregator"
time="2023-02-03T15:13:10Z" level=info msg="Starting provider *file.Provider"
time="2023-02-03T15:13:10Z" level=info msg="Starting provider *traefik.Provider"
time="2023-02-03T15:13:10Z" level=info msg="Starting provider *acme.ChallengeTLSALPN"
time="2023-02-03T15:13:10Z" level=info msg="Starting provider *docker.Provider"
time="2023-02-03T15:13:10Z" level=info msg="Starting provider *acme.Provider"
time="2023-02-03T15:13:10Z" level=info msg="Testing certificate renew..." providerName=multigento.acme ACME CA="https://acme-v02.api.letsencrypt.org/directory"
time="2023-02-03T15:15:12Z" level=error msg="service \"magento_six\" error: unable to find the IP address for the container \"/six-magento-1\": the server is ignored" providerName=docker container=magento-six-fd6d1f14d99ea2ed4b99e1348cfaa62a0f18aa0d0688d0364ca5298dfe2f701f
time="2023-02-03T15:15:12Z" level=error msg="service \"magento_five\" error: unable to find the IP address for the container \"/five-magento-1\": the server is ignored" providerName=docker container=magento-five-8e4cd39948ccf2cb9e2c8bea8c23cdd29498219c999c26e98afcd3a39bde65df
time="2023-02-03T15:15:12Z" level=error msg="service \"magento_multi\" error: unable to find the IP address for the container \"/multi-magento-1\": the server is ignored" container=magento-multi-3e07fce819d75e3736a32d20289444102d94240d1d7dad7974db079a581678c0 providerName=docker
time="2023-02-03T15:22:57Z" level=info msg="Traefik version 2.9.6 built on 2022-12-07T14:17:58Z"
time="2023-02-03T15:22:57Z" level=info msg="\nStats collection is disabled.\nHelp us improve Traefik by turning this feature on :)\nMore details on: https://doc.traefik.io/traefik/contributing/data-collection/\n"
time="2023-02-03T15:22:57Z" level=info msg="Starting provider aggregator aggregator.ProviderAggregator"
time="2023-02-03T15:22:57Z" level=info msg="Starting provider *file.Provider"
time="2023-02-03T15:22:57Z" level=info msg="Starting provider *traefik.Provider"
time="2023-02-03T15:22:57Z" level=info msg="Starting provider *docker.Provider"
time="2023-02-03T15:22:57Z" level=info msg="Starting provider *acme.ChallengeTLSALPN"
time="2023-02-03T15:22:57Z" level=info msg="Starting provider *acme.Provider"
time="2023-02-03T15:22:57Z" level=info msg="Testing certificate renew..." ACME CA="https://acme-v02.api.letsencrypt.org/directory" providerName=multigento.acme
time="2023-02-03T15:23:49Z" level=info msg="I have to go..."
time="2023-02-03T15:23:49Z" level=info msg="Stopping server gracefully"
time="2023-02-03T15:23:49Z" level=error msg="accept tcp [::]:80: use of closed network connection" entryPointName=http
time="2023-02-03T15:23:49Z" level=error msg="Error while starting server: accept tcp [::]:80: use of closed network connection" entryPointName=http
time="2023-02-03T15:23:49Z" level=error msg="accept tcp [::]:8080: use of closed network connection" entryPointName=traefik
time="2023-02-03T15:23:49Z" level=error msg="Error while starting server: accept tcp [::]:8080: use of closed network connection" entryPointName=traefik
time="2023-02-03T15:23:49Z" level=error msg="accept tcp [::]:443: use of closed network connection" entryPointName=https
time="2023-02-03T15:23:49Z" level=error msg="Error while starting server: accept tcp [::]:443: use of closed network connection" entryPointName=https
time="2023-02-03T15:23:49Z" level=info msg="Server stopped"
time="2023-02-03T15:23:49Z" level=info msg="Shutting down"
time="2023-02-28T04:15:34Z" level=info msg="Traefik version 2.9.8 built on 2023-02-15T15:23:25Z"
time="2023-02-28T04:15:34Z" level=info msg="\nStats collection is disabled.\nHelp us improve Traefik by turning this feature on :)\nMore details on: https://doc.traefik.io/traefik/contributing/data-collection/\n"
time="2023-02-28T04:15:34Z" level=error msg="The ACME resolver \"multigento\" is skipped from the resolvers list because: unable to get ACME account: permissions 664 for /data/acme.json are too open, please use 600"
time="2023-02-28T04:15:34Z" level=info msg="Starting provider aggregator aggregator.ProviderAggregator"
time="2023-02-28T04:15:34Z" level=info msg="Starting provider *file.Provider"
time="2023-02-28T04:15:34Z" level=info msg="Starting provider *traefik.Provider"
time="2023-02-28T04:15:34Z" level=info msg="Starting provider *docker.Provider"
time="2023-02-28T04:15:34Z" level=info msg="Starting provider *acme.ChallengeTLSALPN"
time="2023-02-28T04:15:35Z" level=error msg="HTTP challenge is not enabled" entryPointName=http routerName=acme-http@internal
time="2023-02-28T04:15:35Z" level=error msg="HTTP challenge is not enabled" entryPointName=http routerName=acme-http@internal
time="2023-02-28T04:18:44Z" level=error msg="HTTP challenge is not enabled" routerName=acme-http@internal entryPointName=http
time="2023-02-28T04:18:44Z" level=error msg="the router magento_one@docker uses a non-existent resolver: multigento"
time="2023-02-28T04:21:12Z" level=info msg="I have to go..."
time="2023-02-28T04:21:12Z" level=info msg="Stopping server gracefully"
time="2023-02-28T04:21:12Z" level=error msg="accept tcp [::]:80: use of closed network connection" entryPointName=http
time="2023-02-28T04:21:12Z" level=error msg="accept tcp [::]:8080: use of closed network connection" entryPointName=traefik
time="2023-02-28T04:21:12Z" level=error msg="Error while starting server: accept tcp [::]:80: use of closed network connection" entryPointName=http
time="2023-02-28T04:21:12Z" level=error msg="Error while starting server: accept tcp [::]:8080: use of closed network connection" entryPointName=traefik
time="2023-02-28T04:21:12Z" level=error msg="accept tcp [::]:443: use of closed network connection" entryPointName=https
time="2023-02-28T04:21:12Z" level=error msg="close tcp [::]:443: use of closed network connection" entryPointName=https
time="2023-02-28T04:21:12Z" level=info msg="Server stopped"
time="2023-02-28T04:21:12Z" level=info msg="Shutting down"
time="2023-02-28T04:21:14Z" level=info msg="Traefik version 2.9.8 built on 2023-02-15T15:23:25Z"
time="2023-02-28T04:21:14Z" level=info msg="\nStats collection is disabled.\nHelp us improve Traefik by turning this feature on :)\nMore details on: https://doc.traefik.io/traefik/contributing/data-collection/\n"
time="2023-02-28T04:21:14Z" level=info msg="Starting provider aggregator aggregator.ProviderAggregator"
time="2023-02-28T04:21:14Z" level=info msg="Starting provider *file.Provider"
time="2023-02-28T04:21:14Z" level=info msg="Starting provider *traefik.Provider"
time="2023-02-28T04:21:14Z" level=info msg="Starting provider *acme.ChallengeTLSALPN"
time="2023-02-28T04:21:14Z" level=info msg="Starting provider *docker.Provider"
time="2023-02-28T04:21:14Z" level=info msg="Starting provider *acme.Provider"
time="2023-02-28T04:21:14Z" level=info msg="Testing certificate renew..." providerName=multigento.acme ACME CA="https://acme-v02.api.letsencrypt.org/directory"
time="2023-02-28T04:21:19Z" level=info msg=Register... providerName=multigento.acme
time="2023-02-28T04:21:34Z" level=error msg="Unable to obtain ACME certificate for domains \"one.aws.tgxn.net\": unable to generate a certificate for the domains [one.aws.tgxn.net]: error: one or more domains had a problem:\n[one.aws.tgxn.net] acme: error: 400 :: urn:ietf:params:acme:error:connection :: 96.0.1.41: Timeout during connect (likely firewall problem)\n" rule="Host(`one.aws.tgxn.net`)" providerName=multigento.acme ACME CA="https://acme-v02.api.letsencrypt.org/directory" routerName=magento_one@docker
time="2023-02-28T04:22:32Z" level=info msg="I have to go..."
time="2023-02-28T04:22:32Z" level=info msg="Stopping server gracefully"
time="2023-02-28T04:22:32Z" level=error msg="accept tcp [::]:8080: use of closed network connection" entryPointName=traefik
time="2023-02-28T04:22:32Z" level=error msg="accept tcp [::]:443: use of closed network connection" entryPointName=https
time="2023-02-28T04:22:32Z" level=error msg="Error while starting server: accept tcp [::]:8080: use of closed network connection" entryPointName=traefik
time="2023-02-28T04:22:32Z" level=error msg="Error while starting server: accept tcp [::]:443: use of closed network connection" entryPointName=https
time="2023-02-28T04:22:32Z" level=error msg="accept tcp [::]:80: use of closed network connection" entryPointName=http
time="2023-02-28T04:22:32Z" level=error msg="close tcp [::]:80: use of closed network connection" entryPointName=http
time="2023-02-28T04:22:32Z" level=info msg="Server stopped"
time="2023-02-28T04:22:32Z" level=info msg="Shutting down"
time="2023-02-28T04:22:34Z" level=info msg="Traefik version 2.9.8 built on 2023-02-15T15:23:25Z"
time="2023-02-28T04:22:34Z" level=info msg="\nStats collection is disabled.\nHelp us improve Traefik by turning this feature on :)\nMore details on: https://doc.traefik.io/traefik/contributing/data-collection/\n"
time="2023-02-28T04:22:34Z" level=info msg="Starting provider aggregator aggregator.ProviderAggregator"
time="2023-02-28T04:22:34Z" level=info msg="Starting provider *file.Provider"
time="2023-02-28T04:22:34Z" level=info msg="Starting provider *traefik.Provider"
time="2023-02-28T04:22:34Z" level=info msg="Starting provider *docker.Provider"
time="2023-02-28T04:22:34Z" level=info msg="Starting provider *acme.ChallengeTLSALPN"
time="2023-02-28T04:22:34Z" level=info msg="Starting provider *acme.Provider"
time="2023-02-28T04:22:34Z" level=info msg="Testing certificate renew..." providerName=multigento.acme ACME CA="https://acme-v02.api.letsencrypt.org/directory"
time="2023-02-28T09:24:02Z" level=error msg="middleware \"secure_site_xss@file\" does not exist" entryPointName=https routerName=magento_one@docker
time="2023-02-28T10:32:04Z" level=error msg="service \"magento_one\" error: unable to find the IP address for the container \"/one-magento-1\": the server is ignored" container=magento-one-86650ec5bc943591f53a4a08c973dd825f5dd3542098afd01baae9a4945b00eb providerName=docker
time="2023-02-28T10:32:05Z" level=error msg="service \"magento_one\" error: unable to find the IP address for the container \"/one-magento-1\": the server is ignored" container=magento-one-86650ec5bc943591f53a4a08c973dd825f5dd3542098afd01baae9a4945b00eb providerName=docker
time="2023-02-28T10:32:06Z" level=error msg="service \"magento_one\" error: unable to find the IP address for the container \"/one-magento-1\": the server is ignored" providerName=docker container=magento-one-86650ec5bc943591f53a4a08c973dd825f5dd3542098afd01baae9a4945b00eb
time="2023-02-28T10:32:09Z" level=error msg="service \"magento_one\" error: unable to find the IP address for the container \"/one-magento-1\": the server is ignored" container=magento-one-86650ec5bc943591f53a4a08c973dd825f5dd3542098afd01baae9a4945b00eb providerName=docker
time="2023-02-28T10:32:10Z" level=error msg="service \"magento_one\" error: unable to find the IP address for the container \"/one-magento-1\": the server is ignored" providerName=docker container=magento-one-86650ec5bc943591f53a4a08c973dd825f5dd3542098afd01baae9a4945b00eb
time="2023-02-28T10:32:12Z" level=error msg="service \"magento_one\" error: unable to find the IP address for the container \"/one-magento-1\": the server is ignored" container=magento-one-86650ec5bc943591f53a4a08c973dd825f5dd3542098afd01baae9a4945b00eb providerName=docker
time="2023-02-28T10:32:19Z" level=error msg="service \"magento_one\" error: unable to find the IP address for the container \"/one-magento-1\": the server is ignored" container=magento-one-86650ec5bc943591f53a4a08c973dd825f5dd3542098afd01baae9a4945b00eb providerName=docker
time="2023-02-28T10:32:21Z" level=error msg="service \"magento_one\" error: unable to find the IP address for the container \"/one-magento-1\": the server is ignored" providerName=docker container=magento-one-86650ec5bc943591f53a4a08c973dd825f5dd3542098afd01baae9a4945b00eb
time="2023-02-28T10:32:21Z" level=error msg="service \"magento_one\" error: unable to find the IP address for the container \"/one-magento-1\": the server is ignored" container=magento-one-86650ec5bc943591f53a4a08c973dd825f5dd3542098afd01baae9a4945b00eb providerName=docker
time="2023-02-28T10:32:22Z" level=error msg="service \"magento_one\" error: unable to find the IP address for the container \"/one-magento-1\": the server is ignored" container=magento-one-86650ec5bc943591f53a4a08c973dd825f5dd3542098afd01baae9a4945b00eb providerName=docker
time="2023-02-28T10:32:33Z" level=error msg="service \"magento_one\" error: unable to find the IP address for the container \"/one-magento-1\": the server is ignored" providerName=docker container=magento-one-86650ec5bc943591f53a4a08c973dd825f5dd3542098afd01baae9a4945b00eb
time="2023-02-28T10:32:59Z" level=error msg="service \"magento_one\" error: unable to find the IP address for the container \"/one-magento-1\": the server is ignored" providerName=docker container=magento-one-86650ec5bc943591f53a4a08c973dd825f5dd3542098afd01baae9a4945b00eb
time="2023-02-28T10:33:51Z" level=error msg="service \"magento_one\" error: unable to find the IP address for the container \"/one-magento-1\": the server is ignored" container=magento-one-86650ec5bc943591f53a4a08c973dd825f5dd3542098afd01baae9a4945b00eb providerName=docker
time="2023-02-28T10:34:50Z" level=error msg="service \"magento_one\" error: unable to find the IP address for the container \"/one-magento-1\": the server is ignored" providerName=docker container=magento-one-86650ec5bc943591f53a4a08c973dd825f5dd3542098afd01baae9a4945b00eb
time="2023-02-28T10:34:52Z" level=error msg="service \"magento_one\" error: unable to find the IP address for the container \"/one-magento-1\": the server is ignored" providerName=docker container=magento-one-86650ec5bc943591f53a4a08c973dd825f5dd3542098afd01baae9a4945b00eb
time="2023-02-28T10:35:52Z" level=error msg="service \"magento_one\" error: unable to find the IP address for the container \"/one-magento-1\": the server is ignored" providerName=docker container=magento-one-86650ec5bc943591f53a4a08c973dd825f5dd3542098afd01baae9a4945b00eb
time="2023-02-28T10:38:52Z" level=warning msg="Could not find network named 'traefik-net' for container '/one-varnish-1'! Maybe you're missing the project's prefix in the label? Defaulting to first available network." container=varnish-one-bf0296a22867754e68147cf40e4d19757acd2e58ffd69f71d000e59192981f90 serviceName=magento_one providerName=docker
time="2023-02-28T10:38:52Z" level=warning msg="Could not find network named 'traefik-net' for container '/one-varnish-1'! Maybe you're missing the project's prefix in the label? Defaulting to first available network." providerName=docker container=varnish-one-bf0296a22867754e68147cf40e4d19757acd2e58ffd69f71d000e59192981f90 serviceName=magento_one
time="2023-02-28T10:43:08Z" level=warning msg="Could not find network named 'traefik-net' for container '/one-varnish-1'! Maybe you're missing the project's prefix in the label? Defaulting to first available network." serviceName=magento_one providerName=docker container=varnish-one-bf0296a22867754e68147cf40e4d19757acd2e58ffd69f71d000e59192981f90
time="2023-02-28T10:43:09Z" level=warning msg="Could not find network named 'traefik-net' for container '/one-varnish-1'! Maybe you're missing the project's prefix in the label? Defaulting to first available network." providerName=docker container=varnish-one-bf0296a22867754e68147cf40e4d19757acd2e58ffd69f71d000e59192981f90 serviceName=magento_one
time="2023-02-28T13:31:50Z" level=info msg="Traefik version 2.9.8 built on 2023-02-15T15:23:25Z"
time="2023-02-28T13:31:50Z" level=info msg="\nStats collection is disabled.\nHelp us improve Traefik by turning this feature on :)\nMore details on: https://doc.traefik.io/traefik/contributing/data-collection/\n"
time="2023-02-28T13:31:50Z" level=info msg="Starting provider aggregator aggregator.ProviderAggregator"
time="2023-02-28T13:31:50Z" level=info msg="Starting provider *file.Provider"
time="2023-02-28T13:31:50Z" level=info msg="Starting provider *traefik.Provider"
time="2023-02-28T13:31:50Z" level=info msg="Starting provider *docker.Provider"
time="2023-02-28T13:31:50Z" level=info msg="Starting provider *acme.ChallengeTLSALPN"
time="2023-02-28T13:31:50Z" level=info msg="Starting provider *acme.Provider"
time="2023-02-28T13:31:50Z" level=info msg="Testing certificate renew..." ACME CA="https://acme-v02.api.letsencrypt.org/directory" providerName=multigento.acme
time="2023-02-28T13:34:48Z" level=info msg="Traefik version 2.9.8 built on 2023-02-15T15:23:25Z"
time="2023-02-28T13:34:48Z" level=info msg="\nStats collection is disabled.\nHelp us improve Traefik by turning this feature on :)\nMore details on: https://doc.traefik.io/traefik/contributing/data-collection/\n"
time="2023-02-28T13:34:48Z" level=info msg="Starting provider aggregator aggregator.ProviderAggregator"
time="2023-02-28T13:34:48Z" level=info msg="Starting provider *file.Provider"
time="2023-02-28T13:34:48Z" level=info msg="Starting provider *traefik.Provider"
time="2023-02-28T13:34:48Z" level=info msg="Starting provider *docker.Provider"
time="2023-02-28T13:34:48Z" level=info msg="Starting provider *acme.ChallengeTLSALPN"
time="2023-02-28T13:34:48Z" level=info msg="Starting provider *acme.Provider"
time="2023-02-28T13:34:48Z" level=info msg="Testing certificate renew..." ACME CA="https://acme-v02.api.letsencrypt.org/directory" providerName=multigento.acme
time="2023-02-28T14:04:41Z" level=info msg="I have to go..."
time="2023-02-28T14:04:41Z" level=info msg="Stopping server gracefully"
time="2023-02-28T14:04:41Z" level=error msg="accept tcp [::]:80: use of closed network connection" entryPointName=http
time="2023-02-28T14:04:41Z" level=error msg="accept tcp [::]:443: use of closed network connection" entryPointName=https
time="2023-02-28T14:04:41Z" level=error msg="Error while starting server: accept tcp [::]:443: use of closed network connection" entryPointName=https
time="2023-02-28T14:04:41Z" level=error msg="Error while starting server: accept tcp [::]:80: use of closed network connection" entryPointName=http
time="2023-02-28T14:04:41Z" level=error msg="accept tcp [::]:8080: use of closed network connection" entryPointName=traefik
time="2023-02-28T14:04:41Z" level=error msg="Error while starting server: accept tcp [::]:8080: use of closed network connection" entryPointName=traefik
time="2023-02-28T14:04:41Z" level=info msg="Server stopped"
time="2023-02-28T14:04:41Z" level=info msg="Shutting down"
time="2023-02-28T14:05:04Z" level=info msg="Traefik version 2.9.8 built on 2023-02-15T15:23:25Z"
time="2023-02-28T14:05:04Z" level=info msg="\nStats collection is disabled.\nHelp us improve Traefik by turning this feature on :)\nMore details on: https://doc.traefik.io/traefik/contributing/data-collection/\n"
time="2023-02-28T14:05:04Z" level=info msg="Starting provider aggregator aggregator.ProviderAggregator"
time="2023-02-28T14:05:04Z" level=info msg="Starting provider *file.Provider"
time="2023-02-28T14:05:04Z" level=info msg="Starting provider *traefik.Provider"
time="2023-02-28T14:05:04Z" level=info msg="Starting provider *docker.Provider"
time="2023-02-28T14:05:04Z" level=info msg="Starting provider *acme.Provider"
time="2023-02-28T14:05:04Z" level=info msg="Testing certificate renew..." providerName=multigento.acme ACME CA="https://acme-v02.api.letsencrypt.org/directory"
time="2023-02-28T14:05:04Z" level=info msg="Starting provider *acme.ChallengeTLSALPN"
time="2023-02-28T14:46:01Z" level=info msg="I have to go..."
time="2023-02-28T14:46:01Z" level=info msg="Stopping server gracefully"
time="2023-02-28T14:46:01Z" level=error msg="accept tcp [::]:80: use of closed network connection" entryPointName=http
time="2023-02-28T14:46:01Z" level=error msg="accept tcp [::]:443: use of closed network connection" entryPointName=https
time="2023-02-28T14:46:01Z" level=error msg="Error while starting server: accept tcp [::]:80: use of closed network connection" entryPointName=http
time="2023-02-28T14:46:01Z" level=error msg="Error while starting server: accept tcp [::]:443: use of closed network connection" entryPointName=https
time="2023-02-28T14:46:01Z" level=error msg="accept tcp [::]:8080: use of closed network connection" entryPointName=traefik
time="2023-02-28T14:46:01Z" level=error msg="Error while starting server: accept tcp [::]:8080: use of closed network connection" entryPointName=traefik
time="2023-02-28T14:46:02Z" level=info msg="Server stopped"
time="2023-02-28T14:46:02Z" level=info msg="Shutting down"
time="2023-02-28T14:46:02Z" level=error msg="Failed to list containers for docker, error Get \"http://%2Fvar%2Frun%2Fdocker.sock/v1.24/containers/json?limit=0\": context canceled" providerName=docker
time="2023-03-01T01:09:36Z" level=info msg="Traefik version 2.9.8 built on 2023-02-15T15:23:25Z"
time="2023-03-01T01:09:36Z" level=info msg="\nStats collection is disabled.\nHelp us improve Traefik by turning this feature on :)\nMore details on: https://doc.traefik.io/traefik/contributing/data-collection/\n"
time="2023-03-01T01:09:36Z" level=info msg="Starting provider aggregator aggregator.ProviderAggregator"
time="2023-03-01T01:09:36Z" level=info msg="Starting provider *file.Provider"
time="2023-03-01T01:09:36Z" level=info msg="Starting provider *traefik.Provider"
time="2023-03-01T01:09:36Z" level=info msg="Starting provider *docker.Provider"
time="2023-03-01T01:09:36Z" level=info msg="Starting provider *acme.ChallengeTLSALPN"
time="2023-03-01T01:09:36Z" level=info msg="Starting provider *acme.Provider"
time="2023-03-01T01:09:36Z" level=info msg="Testing certificate renew..." ACME CA="https://acme-v02.api.letsencrypt.org/directory" providerName=multigento.acme
time="2023-03-01T01:11:06Z" level=info msg="I have to go..."
time="2023-03-01T01:11:06Z" level=info msg="Stopping server gracefully"
time="2023-03-01T01:11:06Z" level=error msg="accept tcp [::]:443: use of closed network connection" entryPointName=https
time="2023-03-01T01:11:06Z" level=error msg="Error while starting server: accept tcp [::]:443: use of closed network connection" entryPointName=https
time="2023-03-01T01:11:06Z" level=error msg="accept tcp [::]:80: use of closed network connection" entryPointName=http
time="2023-03-01T01:11:06Z" level=error msg="accept tcp [::]:8080: use of closed network connection" entryPointName=traefik
time="2023-03-01T01:11:06Z" level=error msg="close tcp [::]:8080: use of closed network connection" entryPointName=traefik
time="2023-03-01T01:11:06Z" level=error msg="Error while starting server: accept tcp [::]:80: use of closed network connection" entryPointName=http
time="2023-03-01T01:11:07Z" level=info msg="Server stopped"
time="2023-03-01T01:11:07Z" level=info msg="Shutting down"
time="2023-03-01T01:19:48Z" level=info msg="Traefik version 2.9.8 built on 2023-02-15T15:23:25Z"
time="2023-03-01T01:19:48Z" level=info msg="\nStats collection is disabled.\nHelp us improve Traefik by turning this feature on :)\nMore details on: https://doc.traefik.io/traefik/contributing/data-collection/\n"
time="2023-03-01T01:19:48Z" level=info msg="Starting provider aggregator aggregator.ProviderAggregator"
time="2023-03-01T01:19:48Z" level=info msg="Starting provider *file.Provider"
time="2023-03-01T01:19:48Z" level=info msg="Starting provider *traefik.Provider"
time="2023-03-01T01:19:48Z" level=info msg="Starting provider *acme.ChallengeTLSALPN"
time="2023-03-01T01:19:48Z" level=info msg="Starting provider *docker.Provider"
time="2023-03-01T01:19:48Z" level=info msg="Starting provider *acme.Provider"
time="2023-03-01T01:19:48Z" level=info msg="Testing certificate renew..." providerName=multigento.acme ACME CA="https://acme-v02.api.letsencrypt.org/directory"
time="2023-03-01T01:25:34Z" level=info msg="I have to go..."
time="2023-03-01T01:25:34Z" level=info msg="Stopping server gracefully"
time="2023-03-01T01:25:34Z" level=error msg="accept tcp [::]:8080: use of closed network connection" entryPointName=traefik
time="2023-03-01T01:25:34Z" level=error msg="Error while starting server: accept tcp [::]:8080: use of closed network connection" entryPointName=traefik
time="2023-03-01T01:25:34Z" level=error msg="accept tcp [::]:443: use of closed network connection" entryPointName=https
time="2023-03-01T01:25:34Z" level=error msg="Error while starting server: accept tcp [::]:443: use of closed network connection" entryPointName=https
time="2023-03-01T01:25:34Z" level=error msg="accept tcp [::]:80: use of closed network connection" entryPointName=http
time="2023-03-01T01:25:34Z" level=error msg="Error while starting server: accept tcp [::]:80: use of closed network connection" entryPointName=http
time="2023-03-01T01:25:34Z" level=info msg="Server stopped"
time="2023-03-01T01:25:34Z" level=info msg="Shutting down"
time="2023-03-01T01:25:57Z" level=info msg="Traefik version 2.9.8 built on 2023-02-15T15:23:25Z"
time="2023-03-01T01:25:57Z" level=info msg="\nStats collection is disabled.\nHelp us improve Traefik by turning this feature on :)\nMore details on: https://doc.traefik.io/traefik/contributing/data-collection/\n"
time="2023-03-01T01:25:57Z" level=info msg="Starting provider aggregator aggregator.ProviderAggregator"
time="2023-03-01T01:25:57Z" level=info msg="Starting provider *file.Provider"
time="2023-03-01T01:25:57Z" level=info msg="Starting provider *traefik.Provider"
time="2023-03-01T01:25:57Z" level=info msg="Starting provider *docker.Provider"
time="2023-03-01T01:25:57Z" level=info msg="Starting provider *acme.ChallengeTLSALPN"
time="2023-03-01T01:25:57Z" level=info msg="Starting provider *acme.Provider"
time="2023-03-01T01:25:57Z" level=info msg="Testing certificate renew..." providerName=multigento.acme ACME CA="https://acme-v02.api.letsencrypt.org/directory"
time="2023-03-02T00:50:32Z" level=info msg="I have to go..."
time="2023-03-02T00:50:32Z" level=info msg="Stopping server gracefully"
time="2023-03-02T00:50:32Z" level=error msg="accept tcp [::]:8080: use of closed network connection" entryPointName=traefik
time="2023-03-02T00:50:32Z" level=error msg="Error while starting server: accept tcp [::]:8080: use of closed network connection" entryPointName=traefik
time="2023-03-02T00:50:32Z" level=error msg="accept tcp [::]:80: use of closed network connection" entryPointName=http
time="2023-03-02T00:50:32Z" level=error msg="Error while starting server: accept tcp [::]:80: use of closed network connection" entryPointName=http
time="2023-03-02T00:50:32Z" level=error msg="accept tcp [::]:443: use of closed network connection" entryPointName=https
time="2023-03-02T00:50:32Z" level=error msg="Error while starting server: accept tcp [::]:443: use of closed network connection" entryPointName=https
time="2023-03-02T00:50:33Z" level=info msg="Server stopped"
time="2023-03-02T00:50:33Z" level=info msg="Shutting down"
time="2023-03-02T08:34:27Z" level=info msg="Traefik version 2.9.8 built on 2023-02-15T15:23:25Z"
time="2023-03-02T08:34:27Z" level=info msg="\nStats collection is disabled.\nHelp us improve Traefik by turning this feature on :)\nMore details on: https://doc.traefik.io/traefik/contributing/data-collection/\n"
time="2023-03-02T08:34:27Z" level=info msg="Starting provider aggregator aggregator.ProviderAggregator"
time="2023-03-02T08:34:27Z" level=info msg="Starting provider *file.Provider"
time="2023-03-02T08:34:27Z" level=info msg="Starting provider *traefik.Provider"
time="2023-03-02T08:34:27Z" level=info msg="Starting provider *docker.Provider"
time="2023-03-02T08:34:27Z" level=info msg="Starting provider *acme.ChallengeTLSALPN"
time="2023-03-02T08:34:27Z" level=info msg="Starting provider *acme.Provider"
time="2023-03-02T08:34:27Z" level=info msg="Testing certificate renew..." providerName=multigento.acme ACME CA="https://acme-v02.api.letsencrypt.org/directory"
time="2023-03-03T08:34:28Z" level=info msg="Testing certificate renew..." ACME CA="https://acme-v02.api.letsencrypt.org/directory" providerName=multigento.acme
time="2023-03-03T11:41:55Z" level=info msg="I have to go..."
time="2023-03-03T11:41:55Z" level=info msg="Stopping server gracefully"
time="2023-03-03T11:41:55Z" level=error msg="accept tcp [::]:8080: use of closed network connection" entryPointName=traefik
time="2023-03-03T11:41:55Z" level=error msg="Error while starting server: accept tcp [::]:8080: use of closed network connection" entryPointName=traefik
time="2023-03-03T11:41:55Z" level=error msg="accept tcp [::]:80: use of closed network connection" entryPointName=http
time="2023-03-03T11:41:55Z" level=error msg="Error while starting server: accept tcp [::]:80: use of closed network connection" entryPointName=http
time="2023-03-03T11:41:55Z" level=error msg="accept tcp [::]:443: use of closed network connection" entryPointName=https
time="2023-03-03T11:41:55Z" level=error msg="Error while starting server: accept tcp [::]:443: use of closed network connection" entryPointName=https
time="2023-03-03T11:41:55Z" level=info msg="Server stopped"
time="2023-03-03T11:41:55Z" level=info msg="Shutting down"
time="2023-03-03T11:43:46Z" level=info msg="Traefik version 2.9.8 built on 2023-02-15T15:23:25Z"
time="2023-03-03T11:43:46Z" level=info msg="\nStats collection is disabled.\nHelp us improve Traefik by turning this feature on :)\nMore details on: https://doc.traefik.io/traefik/contributing/data-collection/\n"
time="2023-03-03T11:43:46Z" level=info msg="Starting provider aggregator aggregator.ProviderAggregator"
time="2023-03-03T11:43:46Z" level=info msg="Starting provider *file.Provider"
time="2023-03-03T11:43:46Z" level=info msg="Starting provider *traefik.Provider"
time="2023-03-03T11:43:46Z" level=info msg="Starting provider *docker.Provider"
time="2023-03-03T11:43:46Z" level=info msg="Starting provider *acme.ChallengeTLSALPN"
time="2023-03-03T11:43:46Z" level=info msg="Starting provider *acme.Provider"
time="2023-03-03T11:43:46Z" level=info msg="Testing certificate renew..." providerName=multigento.acme ACME CA="https://acme-v02.api.letsencrypt.org/directory"
time="2023-03-03T11:49:27Z" level=info msg="I have to go..."
time="2023-03-03T11:49:27Z" level=info msg="Stopping server gracefully"
time="2023-03-03T11:49:27Z" level=error msg="accept tcp [::]:443: use of closed network connection" entryPointName=https
time="2023-03-03T11:49:27Z" level=error msg="Error while starting server: accept tcp [::]:443: use of closed network connection" entryPointName=https
time="2023-03-03T11:49:27Z" level=error msg="accept tcp [::]:80: use of closed network connection" entryPointName=http
time="2023-03-03T11:49:27Z" level=error msg="Error while starting server: accept tcp [::]:80: use of closed network connection" entryPointName=http
time="2023-03-03T11:49:27Z" level=error msg="accept tcp [::]:8080: use of closed network connection" entryPointName=traefik
time="2023-03-03T11:49:27Z" level=error msg="Error while starting server: accept tcp [::]:8080: use of closed network connection" entryPointName=traefik
time="2023-03-03T11:49:27Z" level=info msg="Server stopped"
time="2023-03-03T11:49:27Z" level=info msg="Shutting down"
time="2023-03-03T11:49:52Z" level=info msg="Traefik version 2.9.8 built on 2023-02-15T15:23:25Z"
time="2023-03-03T11:49:52Z" level=info msg="\nStats collection is disabled.\nHelp us improve Traefik by turning this feature on :)\nMore details on: https://doc.traefik.io/traefik/contributing/data-collection/\n"
time="2023-03-03T11:49:52Z" level=info msg="Starting provider aggregator aggregator.ProviderAggregator"
time="2023-03-03T11:49:52Z" level=info msg="Starting provider *file.Provider"
time="2023-03-03T11:49:52Z" level=info msg="Starting provider *traefik.Provider"
time="2023-03-03T11:49:52Z" level=info msg="Starting provider *acme.ChallengeTLSALPN"
time="2023-03-03T11:49:52Z" level=info msg="Starting provider *docker.Provider"
time="2023-03-03T11:49:52Z" level=info msg="Starting provider *acme.Provider"
time="2023-03-03T11:49:52Z" level=info msg="Testing certificate renew..." providerName=multigento.acme ACME CA="https://acme-v02.api.letsencrypt.org/directory"
time="2023-03-03T12:45:38Z" level=warning msg="Failed to inspect container 753092e052aa74938bff613a7888f8eea93883d5e603ddee20442ce2a3aa4a46, error: Error: No such container: 753092e052aa74938bff613a7888f8eea93883d5e603ddee20442ce2a3aa4a46" providerName=docker
time="2023-03-03T12:45:38Z" level=warning msg="Failed to inspect container 7f2b78ba6f3d55d925dd5321a08faeca68e399c617bc823003b3a978062fa0fa, error: Error: No such container: 7f2b78ba6f3d55d925dd5321a08faeca68e399c617bc823003b3a978062fa0fa" providerName=docker
time="2023-03-03T12:45:38Z" level=warning msg="Failed to inspect container 1eeade3f261669bfd575cf4722d0d6a24f248d7609477bc35b9ad25e29742e2a, error: Error: No such container: 1eeade3f261669bfd575cf4722d0d6a24f248d7609477bc35b9ad25e29742e2a" providerName=docker
time="2023-03-03T13:29:24Z" level=warning msg="Failed to inspect container 50d814cd10df926635c37eca955a7474ea91c9f034e83785286c4e623f111824, error: Error: No such container: 50d814cd10df926635c37eca955a7474ea91c9f034e83785286c4e623f111824" providerName=docker
time="2023-03-03T14:07:22Z" level=error msg="Error while Peeking first byte: read tcp 172.18.0.2:443->223.116.0.101:9760: read: connection timed out"
time="2023-03-03T14:11:32Z" level=warning msg="Failed to inspect container da0bd0d37c1e6142cb975cb6eda7e24827683aac0f15f88f718dc1f91d9f6d36, error: Error: No such container: da0bd0d37c1e6142cb975cb6eda7e24827683aac0f15f88f718dc1f91d9f6d36" providerName=docker
time="2023-03-04T11:49:52Z" level=info msg="Testing certificate renew..." ACME CA="https://acme-v02.api.letsencrypt.org/directory" providerName=multigento.acme
time="2023-03-05T11:49:52Z" level=info msg="Testing certificate renew..." providerName=multigento.acme ACME CA="https://acme-v02.api.letsencrypt.org/directory"
time="2023-03-06T11:49:52Z" level=info msg="Testing certificate renew..." providerName=multigento.acme ACME CA="https://acme-v02.api.letsencrypt.org/directory"
time="2023-03-06T22:25:37Z" level=error msg="Error while Peeking first byte: read tcp 172.18.0.2:443->27.38.214.215:54479: read: connection timed out"
time="2023-03-06T22:25:37Z" level=error msg="Error while Peeking first byte: read tcp 172.18.0.2:443->27.38.214.215:54478: read: connection timed out"
time="2023-03-07T11:49:52Z" level=info msg="Testing certificate renew..." providerName=multigento.acme ACME CA="https://acme-v02.api.letsencrypt.org/directory"
time="2023-03-08T02:36:19Z" level=info msg="I have to go..."
time="2023-03-08T02:36:19Z" level=info msg="Stopping server gracefully"
time="2023-03-08T02:36:19Z" level=error msg="accept tcp [::]:443: use of closed network connection" entryPointName=https
time="2023-03-08T02:36:19Z" level=error msg="accept tcp [::]:8080: use of closed network connection" entryPointName=traefik
time="2023-03-08T02:36:19Z" level=error msg="Error while starting server: accept tcp [::]:443: use of closed network connection" entryPointName=https
time="2023-03-08T02:36:19Z" level=error msg="Error while starting server: accept tcp [::]:8080: use of closed network connection" entryPointName=traefik
time="2023-03-08T02:36:19Z" level=error msg="accept tcp [::]:80: use of closed network connection" entryPointName=http
time="2023-03-08T02:36:19Z" level=error msg="Error while starting server: accept tcp [::]:80: use of closed network connection" entryPointName=http
time="2023-03-08T02:36:19Z" level=info msg="Server stopped"
time="2023-03-08T02:36:19Z" level=info msg="Shutting down"
time="2023-03-08T02:36:49Z" level=info msg="Traefik version 2.9.8 built on 2023-02-15T15:23:25Z"
time="2023-03-08T02:36:49Z" level=info msg="\nStats collection is disabled.\nHelp us improve Traefik by turning this feature on :)\nMore details on: https://doc.traefik.io/traefik/contributing/data-collection/\n"
time="2023-03-08T02:36:49Z" level=info msg="Starting provider aggregator aggregator.ProviderAggregator"
time="2023-03-08T02:36:49Z" level=info msg="Starting provider *file.Provider"
time="2023-03-08T02:36:49Z" level=info msg="Starting provider *traefik.Provider"
time="2023-03-08T02:36:49Z" level=info msg="Starting provider *docker.Provider"
time="2023-03-08T02:36:49Z" level=info msg="Starting provider *acme.ChallengeTLSALPN"
time="2023-03-08T02:36:49Z" level=info msg="Starting provider *acme.Provider"
time="2023-03-08T02:36:49Z" level=info msg="Testing certificate renew..." providerName=multigento.acme ACME CA="https://acme-v02.api.letsencrypt.org/directory"
time="2023-03-08T02:47:52Z" level=error msg="Unable to obtain ACME certificate for domains \"two.aws.tgxn.tech\": unable to generate a certificate for the domains [two.aws.tgxn.tech]: error: one or more domains had a problem:\n[two.aws.tgxn.tech] acme: error: 400 :: urn:ietf:params:acme:error:tls :: 66.111.4.54: remote error: tls: no application protocol\n" routerName=magento_two@docker rule="Host(`two.aws.tgxn.tech`)" providerName=multigento.acme ACME CA="https://acme-v02.api.letsencrypt.org/directory"
time="2023-03-08T04:36:20Z" level=info msg="I have to go..."
time="2023-03-08T04:36:20Z" level=info msg="Stopping server gracefully"
time="2023-03-08T04:36:20Z" level=error msg="accept tcp [::]:443: use of closed network connection" entryPointName=https
time="2023-03-08T04:36:20Z" level=error msg="accept tcp [::]:8080: use of closed network connection" entryPointName=traefik
time="2023-03-08T04:36:20Z" level=error msg="accept tcp [::]:80: use of closed network connection" entryPointName=http
time="2023-03-08T04:36:20Z" level=error msg="close tcp [::]:8080: use of closed network connection" entryPointName=traefik
time="2023-03-08T04:36:20Z" level=error msg="close tcp [::]:443: use of closed network connection" entryPointName=https
time="2023-03-08T04:36:20Z" level=error msg="close tcp [::]:80: use of closed network connection" entryPointName=http
time="2023-03-08T04:36:21Z" level=info msg="Server stopped"
time="2023-03-08T04:36:21Z" level=info msg="Shutting down"
time="2023-03-08T04:37:13Z" level=info msg="Traefik version 2.9.8 built on 2023-02-15T15:23:25Z"
time="2023-03-08T04:37:13Z" level=info msg="\nStats collection is disabled.\nHelp us improve Traefik by turning this feature on :)\nMore details on: https://doc.traefik.io/traefik/contributing/data-collection/\n"
time="2023-03-08T04:37:14Z" level=info msg="Starting provider aggregator aggregator.ProviderAggregator"
time="2023-03-08T04:37:14Z" level=info msg="Starting provider *file.Provider"
time="2023-03-08T04:37:14Z" level=info msg="Starting provider *traefik.Provider"
time="2023-03-08T04:37:14Z" level=info msg="Starting provider *docker.Provider"
time="2023-03-08T04:37:14Z" level=info msg="Starting provider *acme.ChallengeTLSALPN"
time="2023-03-08T04:37:14Z" level=info msg="Starting provider *acme.Provider"
time="2023-03-08T04:37:14Z" level=info msg="Testing certificate renew..." providerName=multigento.acme ACME CA="https://acme-v02.api.letsencrypt.org/directory"
